[debug] [2020-02-10T22:02:12.178Z] ----------------------------------------------------------------------
[debug] [2020-02-10T22:02:12.180Z] Command:       C:\Program Files\nodejs\node.exe C:\Users\Tharindu Gimhana\AppData\Roaming\npm\node_modules\firebase-tools\lib\bin\firebase.js init
[debug] [2020-02-10T22:02:12.181Z] CLI Version:   7.11.0
[debug] [2020-02-10T22:02:12.181Z] Platform:      win32
[debug] [2020-02-10T22:02:12.181Z] Node Version:  v10.16.3
[debug] [2020-02-10T22:02:12.182Z] Time:          Tue Feb 11 2020 03:32:12 GMT+0530 (India Standard Time)
[debug] [2020-02-10T22:02:12.182Z] ----------------------------------------------------------------------
[debug] [2020-02-10T22:02:12.182Z] 
[debug] [2020-02-10T22:02:12.191Z] > command requires scopes: ["email","openid","https://www.googleapis.com/auth/cloudplatformprojects.readonly","https://www.googleapis.com/auth/firebase","https://www.googleapis.com/auth/cloud-platform"]
[debug] [2020-02-10T22:02:12.192Z] > authorizing via signed-in user
[info] 
     ######## #### ########  ######## ########     ###     ######  ########
     ##        ##  ##     ## ##       ##     ##  ##   ##  ##       ##
     ######    ##  ########  ######   ########  #########  ######  ######
     ##        ##  ##    ##  ##       ##     ## ##     ##       ## ##
     ##       #### ##     ## ######## ########  ##     ##  ######  ########

You're about to initialize a Firebase project in this directory:

  E:\Angular7-Auth-with-firebase-master

Before we get started, keep in mind:

  * You are initializing in an existing Firebase project directory

